<?xml version="1.0" encoding="UTF-8"?>
<testng-results ignored="0" total="1" passed="1" failed="0" skipped="0">
  <reporter-output>
  </reporter-output>
  <suite started-at="2025-03-12T15:27:17 GST" name="Default suite" finished-at="2025-03-12T15:27:21 GST" duration-ms="4174">
    <groups>
    </groups>
    <test started-at="2025-03-12T15:27:17 GST" name="Default test" finished-at="2025-03-12T15:27:21 GST" duration-ms="4174">
      <class name="SendEmailWithAttachment">
        <test-method signature="sendEmailWithAttachment()[pri:0, instance:SendEmailWithAttachment@293a5bf6]" started-at="2025-03-12T15:27:17 GST" name="sendEmailWithAttachment" finished-at="2025-03-12T15:27:21 GST" duration-ms="4134" status="PASS">
          <reporter-output>
          </reporter-output>
        </test-method> <!-- sendEmailWithAttachment -->
      </class> <!-- SendEmailWithAttachment -->
    </test> <!-- Default test -->
  </suite> <!-- Default suite -->
</testng-results>
