<?xml version="1.0" encoding="UTF-8"?>
<testng-results ignored="0" total="1" passed="1" failed="0" skipped="0">
  <reporter-output>
  </reporter-output>
  <suite started-at="2025-03-12T14:47:24 GST" name="Default suite" finished-at="2025-03-12T14:47:47 GST" duration-ms="22982">
    <groups>
    </groups>
    <test started-at="2025-03-12T14:47:24 GST" name="Default test" finished-at="2025-03-12T14:47:47 GST" duration-ms="22982">
      <class name="ReadEmailAndResetByCode">
        <test-method signature="verifyConfirmationMail()[pri:0, instance:ReadEmailAndResetByCode@4f83df68]" started-at="2025-03-12T14:47:25 GST" name="verifyConfirmationMail" finished-at="2025-03-12T14:47:47 GST" duration-ms="22948" status="PASS">
          <reporter-output>
          </reporter-output>
        </test-method> <!-- verifyConfirmationMail -->
      </class> <!-- ReadEmailAndResetByCode -->
    </test> <!-- Default test -->
  </suite> <!-- Default suite -->
</testng-results>
